<?xml version="1.0" encoding="UTF-8"?>
<!-- Generated by org.testng.reporters.JUnitReportReporter -->
<testsuite hostname="Archanas-Air" failures="0" tests="2" name="testNG.TestNg_Demo" time="0.005" errors="0" timestamp="2023-03-05T22:22:03 EST" skipped="0">
  <testcase classname="testNG.TestNg_Demo" name="demo" time="0.001"/>
  <system-out/>
  <testcase classname="testNG.TestNg_Demo" name="SecondTest" time="0.004"/>
  <system-out/>
</testsuite> <!-- testNG.TestNg_Demo -->
