<?xml version="1.0" encoding="UTF-8"?>
<!-- Generated by org.testng.reporters.JUnitReportReporter -->
<testsuite hostname="Archanas-Air.phub.net.cable.rogers.com" failures="0" tests="1" name="JavaStreams_LambdaExpressions.CountNumbersNamesAlphabetwise_withStreamsFilter" time="0.005" errors="0" timestamp="2023-03-14T19:59:52 EDT" skipped="0">
  <testcase classname="JavaStreams_LambdaExpressions.CountNumbersNamesAlphabetwise_withStreamsFilter" name="regular" time="0.005"/>
  <system-out/>
</testsuite> <!-- JavaStreams_LambdaExpressions.CountNumbersNamesAlphabetwise_withStreamsFilter -->
