<?xml version="1.0" encoding="UTF-8"?>
<!-- Generated by org.testng.reporters.JUnitReportReporter -->
<testsuite hostname="Archanas-Air.phub.net.cable.rogers.com" failures="0" tests="3" name="JavaStreams_LambdaExpressions.CountNumbersNamesAlphabetwise_withStreamsFilter" time="0.005" errors="0" timestamp="2023-03-15T13:58:06 EDT" skipped="0">
  <testcase classname="JavaStreams_LambdaExpressions.CountNumbersNamesAlphabetwise_withStreamsFilter" name="streamCollect" time="0.003"/>
  <system-out/>
  <testcase classname="JavaStreams_LambdaExpressions.CountNumbersNamesAlphabetwise_withStreamsFilter" name="streamMergeArrayList" time="0.001"/>
  <system-out/>
  <testcase classname="JavaStreams_LambdaExpressions.CountNumbersNamesAlphabetwise_withStreamsFilter" name="streamUniqueNumber" time="0.001"/>
  <system-out/>
</testsuite> <!-- JavaStreams_LambdaExpressions.CountNumbersNamesAlphabetwise_withStreamsFilter -->
