<?xml version="1.0" encoding="UTF-8"?>
<!-- Generated by org.testng.reporters.JUnitReportReporter -->
<testsuite hostname="Archanas-Air.phub.net.cable.rogers.com" failures="0" tests="1" name="JavaStreams_LambdaExpressions.CountNumbersNamesAlphabetwise" time="0.004" errors="0" timestamp="2023-03-14T13:04:00 EDT" skipped="0">
  <testcase classname="JavaStreams_LambdaExpressions.CountNumbersNamesAlphabetwise" name="regular" time="0.004"/>
  <system-out/>
</testsuite> <!-- JavaStreams_LambdaExpressions.CountNumbersNamesAlphabetwise -->
